c:\src\easyui\easyui\intermediate\x64\managedinjector64-3.5\debug\managedinjector64-3.5.pch
c:\src\easyui\easyui\intermediate\x64\managedinjector64-3.5\debug\vc120.pdb
c:\src\easyui\easyui\intermediate\x64\managedinjector64-3.5\debug\stdafx.obj
c:\src\easyui\easyui\intermediate\x64\managedinjector64-3.5\debug\injector.obj
c:\src\easyui\easyui\intermediate\x64\managedinjector64-3.5\debug\assemblyinfo.obj
c:\src\easyui\easyui\intermediate\x64\managedinjector64-3.5\debug\.netframework,version=v4.5.assemblyattributes.obj
c:\src\easyui\easyui\build\debug\managedinjector64-3.5.dll
c:\src\easyui\easyui\build\debug\managedinjector64-3.5.pdb
c:\src\easyui\easyui\build\debug\managedinjector64-3.5.lib
c:\src\easyui\easyui\build\debug\managedinjector64-3.5.exp
c:\src\easyui\easyui\intermediate\x64\managedinjector64-3.5\debug\managedinjector64-3.5.vcxprojresolveassemblyreference.cache
c:\src\easyui\easyui\intermediate\x64\managedinjector64-3.5\debug\managedi.869b1428.tlog\cl.command.1.tlog
c:\src\easyui\easyui\intermediate\x64\managedinjector64-3.5\debug\managedi.869b1428.tlog\cl.read.1.tlog
c:\src\easyui\easyui\intermediate\x64\managedinjector64-3.5\debug\managedi.869b1428.tlog\cl.write.1.tlog
c:\src\easyui\easyui\intermediate\x64\managedinjector64-3.5\debug\managedi.869b1428.tlog\link.command.1.tlog
c:\src\easyui\easyui\intermediate\x64\managedinjector64-3.5\debug\managedi.869b1428.tlog\link.read.1.tlog
c:\src\easyui\easyui\intermediate\x64\managedinjector64-3.5\debug\managedi.869b1428.tlog\link.write.1.tlog
c:\src\easyui\easyui\intermediate\x64\managedinjector64-3.5\debug\managedi.869b1428.tlog\managedinjector64-3.5.write.1u.tlog
c:\src\easyui\easyui\intermediate\x64\managedinjector64-3.5\debug\managedi.869b1428.tlog\metagen.read.1.tlog
c:\src\easyui\easyui\intermediate\x64\managedinjector64-3.5\debug\managedi.869b1428.tlog\metagen.write.1.tlog
c:\src\easyui\easyui\intermediate\x64\managedinjector64-3.5\debug\managedi.869b1428.tlog\tzres.dll.bi
