c:\src\easyui\easyui\intermediate\x86\managedinjector\debug\managedinjector.pch
c:\src\easyui\easyui\intermediate\x86\managedinjector\debug\vc140.pdb
c:\src\easyui\easyui\intermediate\x86\managedinjector\debug\stdafx.obj
c:\src\easyui\easyui\intermediate\x86\managedinjector\debug\injector.obj
c:\src\easyui\easyui\intermediate\x86\managedinjector\debug\assemblyinfo.obj
c:\src\easyui\easyui\intermediate\x86\managedinjector\debug\.netframework,version=v4.0.assemblyattributes.obj
c:\src\easyui\easyui\intermediate\x86\managedinjector\debug\.netframework,version=v4.0.assemblyattributes.asm
c:\src\easyui\easyui\build\x86\debug\managedinjector.dll
c:\src\easyui\easyui\build\x86\debug\managedinjector.pdb
c:\src\easyui\easyui\build\x86\debug\managedinjector.lib
c:\src\easyui\easyui\build\x86\debug\managedinjector.exp
c:\src\easyui\easyui\intermediate\x86\managedinjector\debug\managedinjector.vcxprojresolveassemblyreference.cache
c:\src\easyui\easyui\intermediate\x86\managedinjector\debug\managedinjector.tlog\cl.command.1.tlog
c:\src\easyui\easyui\intermediate\x86\managedinjector\debug\managedinjector.tlog\cl.read.1.tlog
c:\src\easyui\easyui\intermediate\x86\managedinjector\debug\managedinjector.tlog\cl.write.1.tlog
c:\src\easyui\easyui\intermediate\x86\managedinjector\debug\managedinjector.tlog\link.command.1.tlog
c:\src\easyui\easyui\intermediate\x86\managedinjector\debug\managedinjector.tlog\link.read.1.tlog
c:\src\easyui\easyui\intermediate\x86\managedinjector\debug\managedinjector.tlog\link.write.1.tlog
c:\src\easyui\easyui\intermediate\x86\managedinjector\debug\managedinjector.tlog\managedinjector.write.1u.tlog
c:\src\easyui\easyui\intermediate\x86\managedinjector\debug\managedinjector.tlog\metagen.read.1.tlog
c:\src\easyui\easyui\intermediate\x86\managedinjector\debug\managedinjector.tlog\metagen.write.1.tlog
c:\src\easyui\easyui\intermediate\x86\managedinjector\debug\managedinjector.tlog\tzres.dll.bi
