c:\src\easyui\easyui\intermediate\x64\managedinjector64-4.0\debug\managedinjector64-4.0.pch
c:\src\easyui\easyui\intermediate\x64\managedinjector64-4.0\debug\vc140.pdb
c:\src\easyui\easyui\intermediate\x64\managedinjector64-4.0\debug\stdafx.obj
c:\src\easyui\easyui\intermediate\x64\managedinjector64-4.0\debug\injector.obj
c:\src\easyui\easyui\intermediate\x64\managedinjector64-4.0\debug\assemblyinfo.obj
c:\src\easyui\easyui\intermediate\x64\managedinjector64-4.0\debug\.netframework,version=v4.5.2.assemblyattributes.obj
c:\src\easyui\easyui\intermediate\x64\managedinjector64-4.0\debug\.netframework,version=v4.5.2.assemblyattributes.asm
c:\src\easyui\easyui\build\debug\managedinjector64-4.0.dll
c:\src\easyui\easyui\build\debug\managedinjector64-4.0.pdb
c:\src\easyui\easyui\build\debug\managedinjector64-4.0.lib
c:\src\easyui\easyui\build\debug\managedinjector64-4.0.exp
c:\src\easyui\easyui\intermediate\x64\managedinjector64-4.0\debug\managedi.a27c8b34.tlog\cl.command.1.tlog
c:\src\easyui\easyui\intermediate\x64\managedinjector64-4.0\debug\managedi.a27c8b34.tlog\cl.read.1.tlog
c:\src\easyui\easyui\intermediate\x64\managedinjector64-4.0\debug\managedi.a27c8b34.tlog\cl.write.1.tlog
c:\src\easyui\easyui\intermediate\x64\managedinjector64-4.0\debug\managedi.a27c8b34.tlog\link.command.1.tlog
c:\src\easyui\easyui\intermediate\x64\managedinjector64-4.0\debug\managedi.a27c8b34.tlog\link.read.1.tlog
c:\src\easyui\easyui\intermediate\x64\managedinjector64-4.0\debug\managedi.a27c8b34.tlog\link.write.1.tlog
c:\src\easyui\easyui\intermediate\x64\managedinjector64-4.0\debug\managedi.a27c8b34.tlog\managedinjector64-4.0.write.1u.tlog
c:\src\easyui\easyui\intermediate\x64\managedinjector64-4.0\debug\managedi.a27c8b34.tlog\metagen.read.1.tlog
c:\src\easyui\easyui\intermediate\x64\managedinjector64-4.0\debug\managedi.a27c8b34.tlog\metagen.write.1.tlog
c:\src\easyui\easyui\intermediate\x64\managedinjector64-4.0\debug\managedi.a27c8b34.tlog\tzres.dll.bi
