Build started 29-Oct-15 20:13:13.
     1>Project "C:\src\EasyUI\EasyUi\Injection\ManagedInjector\ManagedInjector32-4.0.vcxproj" on node 2 (Rebuild target(s)).
     1>ClCompile:
         C:\Program Files (x86)\Microsoft Visual Studio 14.0\VC\bin\CL.exe /c /AI"C:\Program Files (x86)\Reference Assemblies\Microsoft\Framework\.NETFramework\v4.5.2\\" /AI"C:\Program Files (x86)\Windows Kits\8.1\References\CommonConfiguration\Neutral" /AI"C:\Program Files (x86)\Reference Assemblies\Microsoft\Framework\.NETFramework\v4.5.2\Facades\\" /Zi /clr /nologo /W3 /WX- /Od /Oy- /D WIN32 /D _DEBUG /D _WINDLL /D _UNICODE /D UNICODE /EHa /MDd /GS /fp:precise /Zc:wchar_t /Zc:forScope /Zc:inline /Yc"stdafx.h" /Fp"C:\src\EasyUI\EasyUi\\Intermediate\x86\ManagedInjector32-4.0\Debug\ManagedInjector32-4.0.pch" /Fo"C:\src\EasyUI\EasyUi\\Intermediate\x86\ManagedInjector32-4.0\Debug\\" /Fd"C:\src\EasyUI\EasyUi\\Intermediate\x86\ManagedInjector32-4.0\Debug\vc140.pdb" /TP /FU"C:\Program Files (x86)\Reference Assemblies\Microsoft\Framework\.NETFramework\v4.5.2\mscorlib.dll" /FU"C:\Program Files (x86)\Reference Assemblies\Microsoft\Framework\.NETFramework\v4.5.2\System.Data.dll" /FU"C:\Program Files (x86)\Reference Assemblies\Microsoft\Framework\.NETFramework\v4.5.2\System.dll" /FU"C:\Program Files (x86)\Reference Assemblies\Microsoft\Framework\.NETFramework\v4.5.2\System.Xml.dll" /analyze- /errorReport:prompt /clr:nostdlib Stdafx.cpp
         Stdafx.cpp
         C:\Program Files (x86)\Microsoft Visual Studio 14.0\VC\bin\CL.exe /c /AI"C:\Program Files (x86)\Reference Assemblies\Microsoft\Framework\.NETFramework\v4.5.2\\" /AI"C:\Program Files (x86)\Windows Kits\8.1\References\CommonConfiguration\Neutral" /AI"C:\Program Files (x86)\Reference Assemblies\Microsoft\Framework\.NETFramework\v4.5.2\Facades\\" /Zi /clr /nologo /W3 /WX- /Od /Oy- /D WIN32 /D _DEBUG /D _WINDLL /D _UNICODE /D UNICODE /EHa /MDd /GS /fp:precise /Zc:wchar_t /Zc:forScope /Zc:inline /Fo"C:\src\EasyUI\EasyUi\\Intermediate\x86\ManagedInjector32-4.0\Debug\\" /Fd"C:\src\EasyUI\EasyUi\\Intermediate\x86\ManagedInjector32-4.0\Debug\vc140.pdb" /TP /FU"C:\Program Files (x86)\Reference Assemblies\Microsoft\Framework\.NETFramework\v4.5.2\mscorlib.dll" /FU"C:\Program Files (x86)\Reference Assemblies\Microsoft\Framework\.NETFramework\v4.5.2\System.Data.dll" /FU"C:\Program Files (x86)\Reference Assemblies\Microsoft\Framework\.NETFramework\v4.5.2\System.dll" /FU"C:\Program Files (x86)\Reference Assemblies\Microsoft\Framework\.NETFramework\v4.5.2\System.Xml.dll" /analyze- /errorReport:prompt /clr:nostdlib AssemblyInfo.cpp Injector.cpp
         AssemblyInfo.cpp
     1>AssemblyInfo.cpp(45): warning C4947: 'RequestMinimum': marked as obsolete
         AssemblyInfo.cpp(45): note: Message: 'Assembly level declarative security is obsolete and is no longer enforced by the CLR by default. See http://go.microsoft.com/fwlink/?LinkID=155570 for more information.'
         Injector.cpp
         Generating Code...
         C:\Program Files (x86)\Microsoft Visual Studio 14.0\VC\bin\CL.exe /c /Zi /clr /nologo /W3 /WX- /Od /Oy- /D WIN32 /D _DEBUG /D _WINDLL /D _UNICODE /D UNICODE /EHa /MDd /GS /fp:precise /Zc:wchar_t /Zc:forScope /Zc:inline /Fp"C:\src\EasyUI\EasyUi\\Intermediate\x86\ManagedInjector32-4.0\Debug\ManagedInjector32-4.0.pch" /Fa"C:\src\EasyUI\EasyUi\\Intermediate\x86\ManagedInjector32-4.0\Debug\\" /Fo"C:\src\EasyUI\EasyUi\\Intermediate\x86\ManagedInjector32-4.0\Debug\\" /Fd"C:\src\EasyUI\EasyUi\\Intermediate\x86\ManagedInjector32-4.0\Debug\vc140.pdb" /analyze- /errorReport:prompt "C:\Users\Chris Powell\AppData\Local\Temp\.NETFramework,Version=v4.5.2.AssemblyAttributes.cpp"
         .NETFramework,Version=v4.5.2.AssemblyAttributes.cpp
       Link:
         C:\Program Files (x86)\Microsoft Visual Studio 14.0\VC\bin\link.exe /ERRORREPORT:PROMPT /OUT:"C:\src\EasyUI\EasyUi\Build\Debug\ManagedInjector32-4.0.dll" /INCREMENTAL /NOLOGO kernel32.lib user32.lib gdi32.lib winspool.lib comdlg32.lib kernel32.lib user32.lib gdi32.lib winspool.lib comdlg32.lib advapi32.lib shell32.lib ole32.lib oleaut32.lib uuid.lib odbc32.lib odbccp32.lib /MANIFEST /MANIFESTUAC:"level='asInvoker' uiAccess='false'" /manifest:embed /Debug /PDB:"C:\src\EasyUI\EasyUi\Build\Debug\ManagedInjector32-4.0.pdb" /ASSEMBLYDEBUG /TLBID:1 /DYNAMICBASE /FIXED:NO /MACHINE:X86 /SAFESEH /DLL "C:\src\EasyUI\EasyUi\\Intermediate\x86\ManagedInjector32-4.0\Debug\AssemblyInfo.obj"
         "C:\src\EasyUI\EasyUi\\Intermediate\x86\ManagedInjector32-4.0\Debug\Injector.obj"
         "C:\src\EasyUI\EasyUi\\Intermediate\x86\ManagedInjector32-4.0\Debug\Stdafx.obj"
         "C:\src\EasyUI\EasyUi\\Intermediate\x86\ManagedInjector32-4.0\Debug\.NETFramework,Version=v4.5.2.AssemblyAttributes.obj"
            Creating library C:\src\EasyUI\EasyUi\Build\Debug\ManagedInjector32-4.0.lib and object C:\src\EasyUI\EasyUi\Build\Debug\ManagedInjector32-4.0.exp
         ManagedInjector32-4.0.vcxproj -> C:\src\EasyUI\EasyUi\Build\Debug\ManagedInjector32-4.0.dll
     1>Done Building Project "C:\src\EasyUI\EasyUi\Injection\ManagedInjector\ManagedInjector32-4.0.vcxproj" (Rebuild target(s)).

Build succeeded.

Time Elapsed 00:00:12.20
